<?xml version="1.0" encoding="UTF-8"?>
<!-- Generated by org.testng.reporters.JUnitReportReporter -->
<testsuite hostname="DESKTOP-D3R123C" failures="3" tests="24" name="testRunner.TestRunner" time="11.454" errors="0" timestamp="2025-08-01T12:25:18 IST" skipped="0">
  <testcase classname="testRunner.TestRunner" name="runScenario" time="0.578"/>
  <testcase classname="testRunner.TestRunner" name="runScenario" time="0.097"/>
  <testcase classname="testRunner.TestRunner" name="runScenario" time="0.037"/>
  <testcase classname="testRunner.TestRunner" name="runScenario" time="0.300"/>
  <testcase classname="testRunner.TestRunner" name="runScenario" time="0.047"/>
  <testcase classname="testRunner.TestRunner" name="runScenario" time="0.050"/>
  <testcase classname="testRunner.TestRunner" name="runScenario" time="0.046"/>
  <testcase classname="testRunner.TestRunner" name="runScenario" time="0.048"/>
  <testcase classname="testRunner.TestRunner" name="runScenario" time="0.764">
    <failure message="BUG FOUND: The phone number error message element could not be found. The form likely submitted incorrectly." type="java.lang.AssertionError">
      <![CDATA[java.lang.AssertionError: BUG FOUND: The phone number error message element could not be found. The form likely submitted incorrectly.
at org.testng.Assert.fail(Assert.java:111)
at Stepdefinitions.HotelBookingSteps.the_phone_number_validation_should_be(HotelBookingSteps.java:53)
at ✽.the phone number validation should be "invalid"(file:///C:/Users/HP/Desktop/eclipse-workspace/EventManagementSystem/src/test/resources/Features/HotelBookingInputFormat.feature:8)
]]>
    </failure>
  </testcase> <!-- runScenario -->
  <testcase classname="testRunner.TestRunner" name="runScenario" time="0.888">
    <failure message="BUG FOUND: The check-in date error element was not found. This is a functional bug (no past date validation)." type="java.lang.AssertionError">
      <![CDATA[java.lang.AssertionError: BUG FOUND: The check-in date error element was not found. This is a functional bug (no past date validation).
at org.testng.Assert.fail(Assert.java:111)
at Stepdefinitions.HotelBookingSteps.the_checkin_date_validation_should_be(HotelBookingSteps.java:82)
at ✽.the check-in date validation should be "invalid"(file:///C:/Users/HP/Desktop/eclipse-workspace/EventManagementSystem/src/test/resources/Features/HotelBookingInputFormat.feature:19)
]]>
    </failure>
  </testcase> <!-- runScenario -->
  <testcase classname="testRunner.TestRunner" name="runScenario" time="0.614"/>
  <testcase classname="testRunner.TestRunner" name="runScenario" time="0.592"/>
  <testcase classname="testRunner.TestRunner" name="runScenario" time="0.049"/>
  <testcase classname="testRunner.TestRunner" name="runScenario" time="1.747"/>
  <testcase classname="testRunner.TestRunner" name="runScenario" time="0.564"/>
  <testcase classname="testRunner.TestRunner" name="runScenario" time="0.544"/>
  <testcase classname="testRunner.TestRunner" name="runScenario" time="0.622"/>
  <testcase classname="testRunner.TestRunner" name="runScenario" time="0.042"/>
  <testcase classname="testRunner.TestRunner" name="runScenario" time="0.091"/>
  <testcase classname="testRunner.TestRunner" name="runScenario" time="0.041"/>
  <testcase classname="testRunner.TestRunner" name="runScenario" time="0.566">
    <failure message="From field validation missing. expected [false] but found [true]" type="java.lang.AssertionError">
      <![CDATA[java.lang.AssertionError: From field validation missing. expected [false] but found [true]
at org.testng.Assert.fail(Assert.java:111)
at org.testng.Assert.failNotEquals(Assert.java:1590)
at org.testng.Assert.assertFalse(Assert.java:79)
at Stepdefinitions.TicketBookingSteps.all_required_validation_errors_should_appear(TicketBookingSteps.java:59)
at ✽.validation errors should appear for all required fields(file:///C:/Users/HP/Desktop/eclipse-workspace/EventManagementSystem/src/test/resources/Features/TicketBookingInputFormat.feature:7)
]]>
    </failure>
  </testcase> <!-- runScenario -->
  <testcase classname="testRunner.TestRunner" name="runScenario" time="0.606"/>
  <testcase classname="testRunner.TestRunner" name="runScenario" time="0.096"/>
  <testcase classname="testRunner.TestRunner" name="runScenario" time="2.425"/>
</testsuite> <!-- testRunner.TestRunner -->
